# JRE version: OpenJDK Runtime Environment (11.0.12+7) (build 11.0.12+7-b1504.28-7817840)
# Java VM: OpenJDK 64-Bit Server VM (11.0.12+7-b1504.28-7817840, mixed mode, tiered, compressed oops, g1 gc, windows-amd64)
Heap:
 garbage-first heap   total 732160K, used 190506K [0x0000000080000000, 0x0000000100000000)
  region size 1024K, 1 young (1024K), 1 survivors (1024K)
 Metaspace       used 144464K, capacity 148204K, committed 148352K, reserved 1177600K
  class space    used 17939K, capacity 19303K, committed 19328K, reserved 1048576K
GC Heap History (20 events):
Event: 1883.283 GC heap before
{Heap before GC invocations=165 (full 0):
 garbage-first heap   total 247808K, used 217835K [0x0000000080000000, 0x0000000100000000)
  region size 1024K, 36 young (36864K), 3 survivors (3072K)
 Metaspace       used 144223K, capacity 147944K, committed 148096K, reserved 1177600K
  class space    used 17935K, capacity 19297K, committed 19328K, reserved 1048576K
}
Event: 1883.315 GC heap after
{Heap after GC invocations=166 (full 0):
 garbage-first heap   total 247808K, used 184657K [0x0000000080000000, 0x0000000100000000)
  region size 1024K, 3 young (3072K), 3 survivors (3072K)
 Metaspace       used 144223K, capacity 147944K, committed 148096K, reserved 1177600K
  class space    used 17935K, capacity 19297K, committed 19328K, reserved 1048576K
}
Event: 1883.659 GC heap before
{Heap before GC invocations=166 (full 0):
 garbage-first heap   total 247808K, used 218449K [0x0000000080000000, 0x0000000100000000)
  region size 1024K, 36 young (36864K), 3 survivors (3072K)
 Metaspace       used 144233K, capacity 147944K, committed 148096K, reserved 1177600K
  class space    used 17935K, capacity 19297K, committed 19328K, reserved 1048576K
}
Event: 1883.719 GC heap after
{Heap after GC invocations=167 (full 0):
 garbage-first heap   total 247808K, used 184621K [0x0000000080000000, 0x0000000100000000)
  region size 1024K, 3 young (3072K), 3 survivors (3072K)
 Metaspace       used 144233K, capacity 147944K, committed 148096K, reserved 1177600K
  class space    used 17935K, capacity 19297K, committed 19328K, reserved 1048576K
}
Event: 1885.489 GC heap before
{Heap before GC invocations=167 (full 0):
 garbage-first heap   total 247808K, used 218413K [0x0000000080000000, 0x0000000100000000)
  region size 1024K, 36 young (36864K), 3 survivors (3072K)
 Metaspace       used 144275K, capacity 148030K, committed 148096K, reserved 1177600K
  class space    used 17936K, capacity 19298K, committed 19328K, reserved 1048576K
}
Event: 1885.525 GC heap after
{Heap after GC invocations=168 (full 0):
 garbage-first heap   total 247808K, used 185007K [0x0000000080000000, 0x0000000100000000)
  region size 1024K, 3 young (3072K), 3 survivors (3072K)
 Metaspace       used 144275K, capacity 148030K, committed 148096K, reserved 1177600K
  class space    used 17936K, capacity 19298K, committed 19328K, reserved 1048576K
}
Event: 1887.085 GC heap before
{Heap before GC invocations=168 (full 0):
 garbage-first heap   total 247808K, used 218799K [0x0000000080000000, 0x0000000100000000)
  region size 1024K, 36 young (36864K), 3 survivors (3072K)
 Metaspace       used 144317K, capacity 148036K, committed 148096K, reserved 1177600K
  class space    used 17936K, capacity 19298K, committed 19328K, reserved 1048576K
}
Event: 1887.276 GC heap after
{Heap after GC invocations=169 (full 0):
 garbage-first heap   total 247808K, used 186731K [0x0000000080000000, 0x0000000100000000)
  region size 1024K, 5 young (5120K), 5 survivors (5120K)
 Metaspace       used 144317K, capacity 148036K, committed 148096K, reserved 1177600K
  class space    used 17936K, capacity 19298K, committed 19328K, reserved 1048576K
}
Event: 1889.809 GC heap before
{Heap before GC invocations=169 (full 0):
 garbage-first heap   total 247808K, used 214379K [0x0000000080000000, 0x0000000100000000)
  region size 1024K, 33 young (33792K), 5 survivors (5120K)
 Metaspace       used 144361K, capacity 148104K, committed 148352K, reserved 1177600K
  class space    used 17936K, capacity 19298K, committed 19328K, reserved 1048576K
}
Event: 1889.871 GC heap after
{Heap after GC invocations=170 (full 0):
 garbage-first heap   total 390144K, used 186900K [0x0000000080000000, 0x0000000100000000)
  region size 1024K, 3 young (3072K), 3 survivors (3072K)
 Metaspace       used 144361K, capacity 148104K, committed 148352K, reserved 1177600K
  class space    used 17936K, capacity 19298K, committed 19328K, reserved 1048576K
}
Event: 1896.058 GC heap before
{Heap before GC invocations=170 (full 0):
 garbage-first heap   total 390144K, used 243220K [0x0000000080000000, 0x0000000100000000)
  region size 1024K, 56 young (57344K), 3 survivors (3072K)
 Metaspace       used 144398K, capacity 148122K, committed 148352K, reserved 1177600K
  class space    used 17939K, capacity 19303K, committed 19328K, reserved 1048576K
}
Event: 1896.856 GC heap after
{Heap after GC invocations=171 (full 0):
 garbage-first heap   total 390144K, used 190420K [0x0000000080000000, 0x0000000100000000)
  region size 1024K, 5 young (5120K), 5 survivors (5120K)
 Metaspace       used 144398K, capacity 148122K, committed 148352K, reserved 1177600K
  class space    used 17939K, capacity 19303K, committed 19328K, reserved 1048576K
}
Event: 1898.442 GC heap before
{Heap before GC invocations=171 (full 0):
 garbage-first heap   total 390144K, used 204756K [0x0000000080000000, 0x0000000100000000)
  region size 1024K, 19 young (19456K), 5 survivors (5120K)
 Metaspace       used 144411K, capacity 148124K, committed 148352K, reserved 1177600K
  class space    used 17939K, capacity 19303K, committed 19328K, reserved 1048576K
}
Event: 1898.481 GC heap after
{Heap after GC invocations=172 (full 0):
 garbage-first heap   total 390144K, used 190684K [0x0000000080000000, 0x0000000100000000)
  region size 1024K, 2 young (2048K), 2 survivors (2048K)
 Metaspace       used 144411K, capacity 148124K, committed 148352K, reserved 1177600K
  class space    used 17939K, capacity 19303K, committed 19328K, reserved 1048576K
}
Event: 1901.032 GC heap before
{Heap before GC invocations=172 (full 0):
 garbage-first heap   total 390144K, used 208092K [0x0000000080000000, 0x0000000100000000)
  region size 1024K, 19 young (19456K), 2 survivors (2048K)
 Metaspace       used 144457K, capacity 148203K, committed 148352K, reserved 1177600K
  class space    used 17939K, capacity 19303K, committed 19328K, reserved 1048576K
}
Event: 1901.067 GC heap after
{Heap after GC invocations=173 (full 0):
 garbage-first heap   total 390144K, used 191059K [0x0000000080000000, 0x0000000100000000)
  region size 1024K, 1 young (1024K), 1 survivors (1024K)
 Metaspace       used 144457K, capacity 148203K, committed 148352K, reserved 1177600K
  class space    used 17939K, capacity 19303K, committed 19328K, reserved 1048576K
}
Event: 1904.170 GC heap before
{Heap before GC invocations=173 (full 0):
 garbage-first heap   total 390144K, used 209491K [0x0000000080000000, 0x0000000100000000)
  region size 1024K, 19 young (19456K), 1 survivors (1024K)
 Metaspace       used 144460K, capacity 148204K, committed 148352K, reserved 1177600K
  class space    used 17939K, capacity 19303K, committed 19328K, reserved 1048576K
}
Event: 1904.376 GC heap after
{Heap after GC invocations=174 (full 0):
 garbage-first heap   total 390144K, used 190362K [0x0000000080000000, 0x0000000100000000)
  region size 1024K, 1 young (1024K), 1 survivors (1024K)
 Metaspace       used 144460K, capacity 148204K, committed 148352K, reserved 1177600K
  class space    used 17939K, capacity 19303K, committed 19328K, reserved 1048576K
}
Event: 1907.487 GC heap before
{Heap before GC invocations=174 (full 0):
 garbage-first heap   total 390144K, used 208794K [0x0000000080000000, 0x0000000100000000)
  region size 1024K, 19 young (19456K), 1 survivors (1024K)
 Metaspace       used 144462K, capacity 148204K, committed 148352K, reserved 1177600K
  class space    used 17939K, capacity 19303K, committed 19328K, reserved 1048576K
}
Event: 1907.653 GC heap after
{Heap after GC invocations=175 (full 0):
 garbage-first heap   total 390144K, used 190445K [0x0000000080000000, 0x0000000100000000)
  region size 1024K, 1 young (1024K), 1 survivors (1024K)
 Metaspace       used 144462K, capacity 148204K, committed 148352K, reserved 1177600K
  class space    used 17939K, capacity 19303K, committed 19328K, reserved 1048576K
}

