# JRE version: OpenJDK Runtime Environment (11.0.12+7) (build 11.0.12+7-b1504.28-7817840)
# Java VM: OpenJDK 64-Bit Server VM (11.0.12+7-b1504.28-7817840, mixed mode, tiered, compressed oops, g1 gc, windows-amd64)
Heap:
 garbage-first heap   total 479232K, used 320838K [0x0000000080000000, 0x0000000100000000)
  region size 1024K, 137 young (140288K), 3 survivors (3072K)
 Metaspace       used 108951K, capacity 111669K, committed 111868K, reserved 1146880K
  class space    used 13862K, capacity 14962K, committed 14976K, reserved 1048576K
GC Heap History (20 events):
Event: 725.945 GC heap before
{Heap before GC invocations=177 (full 0):
 garbage-first heap   total 479232K, used 202069K [0x0000000080000000, 0x0000000100000000)
  region size 1024K, 23 young (23552K), 2 survivors (2048K)
 Metaspace       used 108916K, capacity 111658K, committed 111868K, reserved 1146880K
  class space    used 13860K, capacity 14958K, committed 14976K, reserved 1048576K
}
Event: 726.001 GC heap after
{Heap after GC invocations=178 (full 0):
 garbage-first heap   total 479232K, used 181333K [0x0000000080000000, 0x0000000100000000)
  region size 1024K, 1 young (1024K), 1 survivors (1024K)
 Metaspace       used 108916K, capacity 111658K, committed 111868K, reserved 1146880K
  class space    used 13860K, capacity 14958K, committed 14976K, reserved 1048576K
}
Event: 728.971 GC heap before
{Heap before GC invocations=178 (full 0):
 garbage-first heap   total 479232K, used 205909K [0x0000000080000000, 0x0000000100000000)
  region size 1024K, 26 young (26624K), 1 survivors (1024K)
 Metaspace       used 108926K, capacity 111662K, committed 111868K, reserved 1146880K
  class space    used 13861K, capacity 14960K, committed 14976K, reserved 1048576K
}
Event: 729.083 GC heap after
{Heap after GC invocations=179 (full 0):
 garbage-first heap   total 479232K, used 181018K [0x0000000080000000, 0x0000000100000000)
  region size 1024K, 1 young (1024K), 1 survivors (1024K)
 Metaspace       used 108926K, capacity 111662K, committed 111868K, reserved 1146880K
  class space    used 13861K, capacity 14960K, committed 14976K, reserved 1048576K
}
Event: 729.909 GC heap before
{Heap before GC invocations=179 (full 0):
 garbage-first heap   total 479232K, used 204570K [0x0000000080000000, 0x0000000100000000)
  region size 1024K, 24 young (24576K), 1 survivors (1024K)
 Metaspace       used 108931K, capacity 111669K, committed 111868K, reserved 1146880K
  class space    used 13862K, capacity 14962K, committed 14976K, reserved 1048576K
}
Event: 729.925 GC heap after
{Heap after GC invocations=180 (full 0):
 garbage-first heap   total 479232K, used 181119K [0x0000000080000000, 0x0000000100000000)
  region size 1024K, 1 young (1024K), 1 survivors (1024K)
 Metaspace       used 108931K, capacity 111669K, committed 111868K, reserved 1146880K
  class space    used 13862K, capacity 14962K, committed 14976K, reserved 1048576K
}
Event: 732.978 GC heap before
{Heap before GC invocations=180 (full 0):
 garbage-first heap   total 479232K, used 209791K [0x0000000080000000, 0x0000000100000000)
  region size 1024K, 29 young (29696K), 1 survivors (1024K)
 Metaspace       used 108931K, capacity 111669K, committed 111868K, reserved 1146880K
  class space    used 13862K, capacity 14962K, committed 14976K, reserved 1048576K
}
Event: 732.992 GC heap after
{Heap after GC invocations=181 (full 0):
 garbage-first heap   total 479232K, used 181154K [0x0000000080000000, 0x0000000100000000)
  region size 1024K, 1 young (1024K), 1 survivors (1024K)
 Metaspace       used 108931K, capacity 111669K, committed 111868K, reserved 1146880K
  class space    used 13862K, capacity 14962K, committed 14976K, reserved 1048576K
}
Event: 733.949 GC heap before
{Heap before GC invocations=181 (full 0):
 garbage-first heap   total 479232K, used 215970K [0x0000000080000000, 0x0000000100000000)
  region size 1024K, 35 young (35840K), 1 survivors (1024K)
 Metaspace       used 108931K, capacity 111669K, committed 111868K, reserved 1146880K
  class space    used 13862K, capacity 14962K, committed 14976K, reserved 1048576K
}
Event: 733.959 GC heap after
{Heap after GC invocations=182 (full 0):
 garbage-first heap   total 479232K, used 181387K [0x0000000080000000, 0x0000000100000000)
  region size 1024K, 1 young (1024K), 1 survivors (1024K)
 Metaspace       used 108931K, capacity 111669K, committed 111868K, reserved 1146880K
  class space    used 13862K, capacity 14962K, committed 14976K, reserved 1048576K
}
Event: 735.638 GC heap before
{Heap before GC invocations=182 (full 0):
 garbage-first heap   total 479232K, used 223371K [0x0000000080000000, 0x0000000100000000)
  region size 1024K, 42 young (43008K), 1 survivors (1024K)
 Metaspace       used 108931K, capacity 111669K, committed 111868K, reserved 1146880K
  class space    used 13862K, capacity 14962K, committed 14976K, reserved 1048576K
}
Event: 735.657 GC heap after
{Heap after GC invocations=183 (full 0):
 garbage-first heap   total 479232K, used 181998K [0x0000000080000000, 0x0000000100000000)
  region size 1024K, 2 young (2048K), 2 survivors (2048K)
 Metaspace       used 108931K, capacity 111669K, committed 111868K, reserved 1146880K
  class space    used 13862K, capacity 14962K, committed 14976K, reserved 1048576K
}
Event: 736.723 GC heap before
{Heap before GC invocations=183 (full 0):
 garbage-first heap   total 479232K, used 231150K [0x0000000080000000, 0x0000000100000000)
  region size 1024K, 50 young (51200K), 2 survivors (2048K)
 Metaspace       used 108931K, capacity 111669K, committed 111868K, reserved 1146880K
  class space    used 13862K, capacity 14962K, committed 14976K, reserved 1048576K
}
Event: 736.740 GC heap after
{Heap after GC invocations=184 (full 0):
 garbage-first heap   total 479232K, used 181931K [0x0000000080000000, 0x0000000100000000)
  region size 1024K, 2 young (2048K), 2 survivors (2048K)
 Metaspace       used 108931K, capacity 111669K, committed 111868K, reserved 1146880K
  class space    used 13862K, capacity 14962K, committed 14976K, reserved 1048576K
}
Event: 738.859 GC heap before
{Heap before GC invocations=184 (full 0):
 garbage-first heap   total 479232K, used 241323K [0x0000000080000000, 0x0000000100000000)
  region size 1024K, 60 young (61440K), 2 survivors (2048K)
 Metaspace       used 108932K, capacity 111669K, committed 111868K, reserved 1146880K
  class space    used 13862K, capacity 14962K, committed 14976K, reserved 1048576K
}
Event: 738.880 GC heap after
{Heap after GC invocations=185 (full 0):
 garbage-first heap   total 479232K, used 181944K [0x0000000080000000, 0x0000000100000000)
  region size 1024K, 2 young (2048K), 2 survivors (2048K)
 Metaspace       used 108932K, capacity 111669K, committed 111868K, reserved 1146880K
  class space    used 13862K, capacity 14962K, committed 14976K, reserved 1048576K
}
Event: 739.932 GC heap before
{Heap before GC invocations=185 (full 0):
 garbage-first heap   total 479232K, used 258744K [0x0000000080000000, 0x0000000100000000)
  region size 1024K, 77 young (78848K), 2 survivors (2048K)
 Metaspace       used 108933K, capacity 111669K, committed 111868K, reserved 1146880K
  class space    used 13862K, capacity 14962K, committed 14976K, reserved 1048576K
}
Event: 739.951 GC heap after
{Heap after GC invocations=186 (full 0):
 garbage-first heap   total 479232K, used 182326K [0x0000000080000000, 0x0000000100000000)
  region size 1024K, 2 young (2048K), 2 survivors (2048K)
 Metaspace       used 108933K, capacity 111669K, committed 111868K, reserved 1146880K
  class space    used 13862K, capacity 14962K, committed 14976K, reserved 1048576K
}
Event: 741.154 GC heap before
{Heap before GC invocations=186 (full 0):
 garbage-first heap   total 479232K, used 276534K [0x0000000080000000, 0x0000000100000000)
  region size 1024K, 94 young (96256K), 2 survivors (2048K)
 Metaspace       used 108935K, capacity 111669K, committed 111868K, reserved 1146880K
  class space    used 13862K, capacity 14962K, committed 14976K, reserved 1048576K
}
Event: 741.208 GC heap after
{Heap after GC invocations=187 (full 0):
 garbage-first heap   total 479232K, used 183216K [0x0000000080000000, 0x0000000100000000)
  region size 1024K, 3 young (3072K), 3 survivors (3072K)
 Metaspace       used 108935K, capacity 111669K, committed 111868K, reserved 1146880K
  class space    used 13862K, capacity 14962K, committed 14976K, reserved 1048576K
}

